Fetching 165 commander(s) from EDHREC...
[1/165] Aesi, Tyrant of Gyre Strait
  Fetching: https://json.edhrec.com/pages/commanders/aesi-tyrant-of-gyre-strait.json
    OK — 64 slots (99 cards)
[2/165] Aeve, Progenitor Ooze
  Fetching: https://json.edhrec.com/pages/commanders/aeve-progenitor-ooze.json
    OK — 64 slots (99 cards)
[3/165] Anje Falkenrath
  Fetching: https://json.edhrec.com/pages/commanders/anje-falkenrath.json
    OK — 64 slots (99 cards)
[4/165] Arahbo, Roar of the World
  Fetching: https://json.edhrec.com/pages/commanders/arahbo-roar-of-the-world.json
    OK — 64 slots (99 cards)
[5/165] Araumi of the Dead Tide
  Fetching: https://json.edhrec.com/pages/commanders/araumi-of-the-dead-tide.json
    OK — 64 slots (99 cards)
[6/165] Arcades, the Strategist
  Fetching: https://json.edhrec.com/pages/commanders/arcades-the-strategist.json
    OK — 64 slots (99 cards)
[7/165] Arvad the Cursed
  Fetching: https://json.edhrec.com/pages/commanders/arvad-the-cursed.json
    OK — 64 slots (99 cards)
[8/165] Ayara, First of Locthwain
  Fetching: https://json.edhrec.com/pages/commanders/ayara-first-of-locthwain.json
    OK — 64 slots (99 cards)
[9/165] Azami, Lady of Scrolls
  Fetching: https://json.edhrec.com/pages/commanders/azami-lady-of-scrolls.json
    OK — 64 slots (99 cards)
[10/165] Azusa, Lost but Seeking
  Fetching: https://json.edhrec.com/pages/commanders/azusa-lost-but-seeking.json
    OK — 64 slots (99 cards)
[11/165] Baral, Chief of Compliance
  Fetching: https://json.edhrec.com/pages/commanders/baral-chief-of-compliance.json
    OK — 64 slots (99 cards)
[12/165] Bellowing Elk
  Fetching: https://json.edhrec.com/pages/commanders/bellowing-elk.json
    HTTP 403 for https://json.edhrec.com/pages/commanders/bellowing-elk.json
[13/165] Bolas's Citadel
  Fetching: https://json.edhrec.com/pages/commanders/bolass-citadel.json
    HTTP 403 for https://json.edhrec.com/pages/commanders/bolass-citadel.json
[14/165] Brago, King Eternal
  Fetching: https://json.edhrec.com/pages/commanders/brago-king-eternal.json
    OK — 64 slots (99 cards)
[15/165] Bruna, Light of Alabaster
  Fetching: https://json.edhrec.com/pages/commanders/bruna-light-of-alabaster.json
    OK — 64 slots (99 cards)
[16/165] Bruse Tarl, Boorish Herder
  Fetching: https://json.edhrec.com/pages/commanders/bruse-tarl-boorish-herder.json
    OK — 64 slots (99 cards)
[17/165] Burakos, Party Leader
  Fetching: https://json.edhrec.com/pages/commanders/burakos-party-leader.json
    OK — 64 slots (99 cards)
[18/165] Captain Sisay
  Fetching: https://json.edhrec.com/pages/commanders/captain-sisay.json
    OK — 64 slots (99 cards)
[19/165] Cazur, Ruthless Stalker
  Fetching: https://json.edhrec.com/pages/commanders/cazur-ruthless-stalker.json
    OK — 64 slots (99 cards)
[20/165] Chandra, Fire of Kaladesh
  Fetching: https://json.edhrec.com/pages/commanders/chandra-fire-of-kaladesh.json
    OK — 64 slots (99 cards)
[21/165] Chatterfang, Squirrel General
  Fetching: https://json.edhrec.com/pages/commanders/chatterfang-squirrel-general.json
    OK — 64 slots (99 cards)
[22/165] Chisei, Heart of Oceans
  Fetching: https://json.edhrec.com/pages/commanders/chisei-heart-of-oceans.json
    OK — 64 slots (99 cards)
[23/165] Chishiro, the Shattered Blade
  Fetching: https://json.edhrec.com/pages/commanders/chishiro-the-shattered-blade.json
    OK — 64 slots (99 cards)
[24/165] Cliffhaven Kitesail
  Fetching: https://json.edhrec.com/pages/commanders/cliffhaven-kitesail.json
    HTTP 403 for https://json.edhrec.com/pages/commanders/cliffhaven-kitesail.json
[25/165] Damia, Sage of Stone
  Fetching: https://json.edhrec.com/pages/commanders/damia-sage-of-stone.json
    OK — 64 slots (99 cards)
[26/165] Dargo, the Shipwrecker
  Fetching: https://json.edhrec.com/pages/commanders/dargo-the-shipwrecker.json
    OK — 64 slots (99 cards)
[27/165] Daretti, Scrap Savant
  Fetching: https://json.edhrec.com/pages/commanders/daretti-scrap-savant.json
    OK — 64 slots (99 cards)
[28/165] Daxos the Returned
  Fetching: https://json.edhrec.com/pages/commanders/daxos-the-returned.json
    OK — 64 slots (99 cards)
[29/165] Daxos, Blessed by the Sun
  Fetching: https://json.edhrec.com/pages/commanders/daxos-blessed-by-the-sun.json
    OK — 64 slots (99 cards)
[30/165] Dina, Soul Steeper
  Fetching: https://json.edhrec.com/pages/commanders/dina-soul-steeper.json
    OK — 64 slots (99 cards)
[31/165] Edric, Spymaster of Trest
  Fetching: https://json.edhrec.com/pages/commanders/edric-spymaster-of-trest.json
    OK — 64 slots (99 cards)
[32/165] Elsha of the Infinite
  Fetching: https://json.edhrec.com/pages/commanders/elsha-of-the-infinite.json
    OK — 64 slots (99 cards)
[33/165] Emry, Lurker of the Loch
  Fetching: https://json.edhrec.com/pages/commanders/emry-lurker-of-the-loch.json
    OK — 64 slots (99 cards)
[34/165] Evelyn, the Covetous
  Fetching: https://json.edhrec.com/pages/commanders/evelyn-the-covetous.json
    OK — 64 slots (99 cards)
[35/165] Ezio Auditore da Firenze
  Fetching: https://json.edhrec.com/pages/commanders/ezio-auditore-da-firenze.json
    OK — 64 slots (99 cards)
[36/165] Feather, the Redeemed
  Fetching: https://json.edhrec.com/pages/commanders/feather-the-redeemed.json
    OK — 64 slots (99 cards)
[37/165] Firesong and Sunspeaker
  Fetching: https://json.edhrec.com/pages/commanders/firesong-and-sunspeaker.json
    OK — 64 slots (99 cards)
[38/165] Gallia of the Endless Dance
  Fetching: https://json.edhrec.com/pages/commanders/gallia-of-the-endless-dance.json
    OK — 64 slots (99 cards)
[39/165] Ghave, Guru of Spores
  Fetching: https://json.edhrec.com/pages/commanders/ghave-guru-of-spores.json
    OK — 64 slots (99 cards)
[40/165] Giada, Font of Hope
  Fetching: https://json.edhrec.com/pages/commanders/giada-font-of-hope.json
    OK — 64 slots (99 cards)
[41/165] Golos, Tireless Pilgrim
  Fetching: https://json.edhrec.com/pages/commanders/golos-tireless-pilgrim.json
    Only 0 cards returned — skipping.
[42/165] Grist, the Hunger Tide
  Fetching: https://json.edhrec.com/pages/commanders/grist-the-hunger-tide.json
    OK — 64 slots (99 cards)
[43/165] Halana and Alena, Partners
  Fetching: https://json.edhrec.com/pages/commanders/halana-and-alena-partners.json
    OK — 64 slots (99 cards)
[44/165] Hamza, Guardian of Arashin
  Fetching: https://json.edhrec.com/pages/commanders/hamza-guardian-of-arashin.json
    OK — 64 slots (99 cards)
[45/165] Hamletback Goliath
  Fetching: https://json.edhrec.com/pages/commanders/hamletback-goliath.json
    HTTP 403 for https://json.edhrec.com/pages/commanders/hamletback-goliath.json
[46/165] Heliod, Sun-Crowned
  Fetching: https://json.edhrec.com/pages/commanders/heliod-sun-crowned.json
    OK — 64 slots (99 cards)
[47/165] Henzie "Toolbox" Torre
  Fetching: https://json.edhrec.com/pages/commanders/henzie-toolbox-torre.json
    OK — 64 slots (99 cards)
[48/165] Jhoira, Weatherlight Captain
  Fetching: https://json.edhrec.com/pages/commanders/jhoira-weatherlight-captain.json
    OK — 64 slots (99 cards)
[49/165] Jhoira of the Ghitu
  Fetching: https://json.edhrec.com/pages/commanders/jhoira-of-the-ghitu.json
    OK — 64 slots (99 cards)
[50/165] Jodah, Archmage Eternal
  Fetching: https://json.edhrec.com/pages/commanders/jodah-archmage-eternal.json
    OK — 64 slots (99 cards)
[51/165] Jori En, Ruin Diver
  Fetching: https://json.edhrec.com/pages/commanders/jori-en-ruin-diver.json
    OK — 64 slots (99 cards)
[52/165] Judith, the Scourge Diva
  Fetching: https://json.edhrec.com/pages/commanders/judith-the-scourge-diva.json
    OK — 64 slots (99 cards)
[53/165] Kamahl, Heart of Krosa
  Fetching: https://json.edhrec.com/pages/commanders/kamahl-heart-of-krosa.json
    OK — 64 slots (99 cards)
[54/165] Karlov of the Ghost Council
  Fetching: https://json.edhrec.com/pages/commanders/karlov-of-the-ghost-council.json
    OK — 64 slots (99 cards)
[55/165] Kathril, Aspect Warper
  Fetching: https://json.edhrec.com/pages/commanders/kathril-aspect-warper.json
    OK — 64 slots (99 cards)
[56/165] Killian, Ink Duelist
  Fetching: https://json.edhrec.com/pages/commanders/killian-ink-duelist.json
    OK — 64 slots (99 cards)
[57/165] Kodama of the East Tree
  Fetching: https://json.edhrec.com/pages/commanders/kodama-of-the-east-tree.json
    OK — 64 slots (99 cards)
[58/165] Koma, Cosmos Serpent
  Fetching: https://json.edhrec.com/pages/commanders/koma-cosmos-serpent.json
    OK — 64 slots (99 cards)
[59/165] Kozilek, Butcher of Truth
  Fetching: https://json.edhrec.com/pages/commanders/kozilek-butcher-of-truth.json
    OK — 64 slots (99 cards)
[60/165] Kykar, Wind's Fury
  Fetching: https://json.edhrec.com/pages/commanders/kykar-winds-fury.json
    OK — 64 slots (99 cards)
[61/165] Kynaios and Tiro of Meletis
  Fetching: https://json.edhrec.com/pages/commanders/kynaios-and-tiro-of-meletis.json
    OK — 64 slots (99 cards)
[62/165] Lathril, Blade of the Elves
  Fetching: https://json.edhrec.com/pages/commanders/lathril-blade-of-the-elves.json
    OK — 64 slots (99 cards)
[63/165] Lazav, Dimir Mastermind
  Fetching: https://json.edhrec.com/pages/commanders/lazav-dimir-mastermind.json
    OK — 64 slots (99 cards)
[64/165] Liesa, Shroud of Dusk
  Fetching: https://json.edhrec.com/pages/commanders/liesa-shroud-of-dusk.json
    OK — 64 slots (99 cards)
[65/165] Lord Windgrace
  Fetching: https://json.edhrec.com/pages/commanders/lord-windgrace.json
    OK — 64 slots (99 cards)
[66/165] Losis, Rogue Elf
  Fetching: https://json.edhrec.com/pages/commanders/losis-rogue-elf.json
    HTTP 403 for https://json.edhrec.com/pages/commanders/losis-rogue-elf.json
[67/165] Lurrus of the Dream-Den
  Fetching: https://json.edhrec.com/pages/commanders/lurrus-of-the-dream-den.json
    OK — 64 slots (99 cards)
[68/165] Maelstrom Wanderer
  Fetching: https://json.edhrec.com/pages/commanders/maelstrom-wanderer.json
    OK — 64 slots (99 cards)
[69/165] Magda, Brazen Outlaw
  Fetching: https://json.edhrec.com/pages/commanders/magda-brazen-outlaw.json
    OK — 64 slots (99 cards)
[70/165] Malcolm, Keen-Eyed Navigator
  Fetching: https://json.edhrec.com/pages/commanders/malcolm-keen-eyed-navigator.json
    OK — 64 slots (99 cards)
[71/165] Mand of the Moonvessel
  Fetching: https://json.edhrec.com/pages/commanders/mand-of-the-moonvessel.json
    HTTP 403 for https://json.edhrec.com/pages/commanders/mand-of-the-moonvessel.json
[72/165] Marisi, Breaker of the Coil
  Fetching: https://json.edhrec.com/pages/commanders/marisi-breaker-of-the-coil.json
    OK — 64 slots (99 cards)
[73/165] Marchesa, the Black Rose
  Fetching: https://json.edhrec.com/pages/commanders/marchesa-the-black-rose.json
    OK — 64 slots (99 cards)
[74/165] Marrow-Gnawer
  Fetching: https://json.edhrec.com/pages/commanders/marrow-gnawer.json
    OK — 64 slots (99 cards)
[75/165] Mazarek, the Soul Eater
  Fetching: https://json.edhrec.com/pages/commanders/mazarek-the-soul-eater.json
    HTTP 403 for https://json.edhrec.com/pages/commanders/mazarek-the-soul-eater.json
[76/165] Meria, Scholar of Antiquity
  Fetching: https://json.edhrec.com/pages/commanders/meria-scholar-of-antiquity.json
    OK — 64 slots (99 cards)
[77/165] Moraug, Fury of Akoum
  Fetching: https://json.edhrec.com/pages/commanders/moraug-fury-of-akoum.json
    OK — 64 slots (99 cards)
[78/165] Naban, Dean of Iteration
  Fetching: https://json.edhrec.com/pages/commanders/naban-dean-of-iteration.json
    OK — 64 slots (99 cards)
[79/165] Nahiri, the Lithomancer
  Fetching: https://json.edhrec.com/pages/commanders/nahiri-the-lithomancer.json
    OK — 64 slots (99 cards)
[80/165] Nath of the Gilt-Leaf
  Fetching: https://json.edhrec.com/pages/commanders/nath-of-the-gilt-leaf.json
    OK — 64 slots (99 cards)
[81/165] Nekusar, the Mindrazer
  Fetching: https://json.edhrec.com/pages/commanders/nekusar-the-mindrazer.json
    OK — 64 slots (99 cards)
[82/165] Nicol Bolas, the Ravager
  Fetching: https://json.edhrec.com/pages/commanders/nicol-bolas-the-ravager.json
    OK — 64 slots (99 cards)
[83/165] Niv-Mizzet Reborn
  Fetching: https://json.edhrec.com/pages/commanders/niv-mizzet-reborn.json
    OK — 64 slots (99 cards)
[84/165] Niv-Mizzet, Parun
  Fetching: https://json.edhrec.com/pages/commanders/niv-mizzet-parun.json
    OK — 64 slots (99 cards)
[85/165] Niv-Mizzet, the Firemind
  Fetching: https://json.edhrec.com/pages/commanders/niv-mizzet-the-firemind.json
    OK — 64 slots (99 cards)
[86/165] Ob Nixilis of the Black Oath
  Fetching: https://json.edhrec.com/pages/commanders/ob-nixilis-of-the-black-oath.json
    OK — 64 slots (99 cards)
[87/165] Obuun, Mul Daya Ancestor
  Fetching: https://json.edhrec.com/pages/commanders/obuun-mul-daya-ancestor.json
    OK — 64 slots (99 cards)
[88/165] Octavia, Living Thesis
  Fetching: https://json.edhrec.com/pages/commanders/octavia-living-thesis.json
    OK — 64 slots (99 cards)
[89/165] Oloro, Ageless Ascetic
  Fetching: https://json.edhrec.com/pages/commanders/oloro-ageless-ascetic.json
    OK — 64 slots (99 cards)
[90/165] Omnath, Locus of Mana
  Fetching: https://json.edhrec.com/pages/commanders/omnath-locus-of-mana.json
    OK — 64 slots (99 cards)
[91/165] Omnath, Locus of Rage
  Fetching: https://json.edhrec.com/pages/commanders/omnath-locus-of-rage.json
    OK — 64 slots (99 cards)
[92/165] Oona, Queen of the Fae
  Fetching: https://json.edhrec.com/pages/commanders/oona-queen-of-the-fae.json
    OK — 64 slots (99 cards)
[93/165] Oskar, Rubbish Reclaimer
  Fetching: https://json.edhrec.com/pages/commanders/oskar-rubbish-reclaimer.json
    OK — 64 slots (99 cards)
[94/165] Oswald Fiddlebender
  Fetching: https://json.edhrec.com/pages/commanders/oswald-fiddlebender.json
    OK — 64 slots (99 cards)
[95/165] Pako, Arcane Retriever
  Fetching: https://json.edhrec.com/pages/commanders/pako-arcane-retriever.json
    OK — 64 slots (99 cards)
[96/165] Pauper Commander Shorikai
  Fetching: https://json.edhrec.com/pages/commanders/pauper-commander-shorikai.json
    HTTP 403 for https://json.edhrec.com/pages/commanders/pauper-commander-shorikai.json
[97/165] Phenax, God of Deception
  Fetching: https://json.edhrec.com/pages/commanders/phenax-god-of-deception.json
    OK — 64 slots (99 cards)
[98/165] Phyrexian Altar
  Fetching: https://json.edhrec.com/pages/commanders/phyrexian-altar.json
    HTTP 403 for https://json.edhrec.com/pages/commanders/phyrexian-altar.json
[99/165] Phyrexian Arena
  Fetching: https://json.edhrec.com/pages/commanders/phyrexian-arena.json
    HTTP 403 for https://json.edhrec.com/pages/commanders/phyrexian-arena.json
[100/165] Progenitus
  Fetching: https://json.edhrec.com/pages/commanders/progenitus.json
    OK — 64 slots (99 cards)
[101/165] Prosper, Tome-Bound
  Fetching: https://json.edhrec.com/pages/commanders/prosper-tome-bound.json
    OK — 64 slots (99 cards)
[102/165] Purphoros, God of the Forge
  Fetching: https://json.edhrec.com/pages/commanders/purphoros-god-of-the-forge.json
    OK — 64 slots (99 cards)
[103/165] Queen Marchesa
  Fetching: https://json.edhrec.com/pages/commanders/queen-marchesa.json
    OK — 64 slots (99 cards)
[104/165] Ramos, Dragon Engine
  Fetching: https://json.edhrec.com/pages/commanders/ramos-dragon-engine.json
    OK — 64 slots (99 cards)
[105/165] Ranar the Ever-Watchful
  Fetching: https://json.edhrec.com/pages/commanders/ranar-the-ever-watchful.json
    OK — 64 slots (99 cards)
[106/165] Rashmi, Eternities Crafter
  Fetching: https://json.edhrec.com/pages/commanders/rashmi-eternities-crafter.json
    OK — 64 slots (99 cards)
[107/165] Reaper King
  Fetching: https://json.edhrec.com/pages/commanders/reaper-king.json
    OK — 64 slots (99 cards)
[108/165] Reki, the History of Kamigawa
  Fetching: https://json.edhrec.com/pages/commanders/reki-the-history-of-kamigawa.json
    OK — 64 slots (99 cards)
[109/165] Rhys the Redeemed
  Fetching: https://json.edhrec.com/pages/commanders/rhys-the-redeemed.json
    OK — 64 slots (99 cards)
[110/165] Riku of Two Reflections
  Fetching: https://json.edhrec.com/pages/commanders/riku-of-two-reflections.json
    OK — 64 slots (99 cards)
[111/165] Roon of the Hidden Realm
  Fetching: https://json.edhrec.com/pages/commanders/roon-of-the-hidden-realm.json
    OK — 64 slots (99 cards)
[112/165] Rograkh, Son of Rohgahh
  Fetching: https://json.edhrec.com/pages/commanders/rograkh-son-of-rohgahh.json
    OK — 64 slots (99 cards)
[113/165] Rona, Sheoldred's Faithful
  Fetching: https://json.edhrec.com/pages/commanders/rona-sheoldreds-faithful.json
    OK — 64 slots (99 cards)
[114/165] Ruric Thar, the Unbowed
  Fetching: https://json.edhrec.com/pages/commanders/ruric-thar-the-unbowed.json
    OK — 64 slots (99 cards)
[115/165] Safana, Calimport Cutthroat
  Fetching: https://json.edhrec.com/pages/commanders/safana-calimport-cutthroat.json
    OK — 64 slots (99 cards)
[116/165] Saheeli, the Gifted
  Fetching: https://json.edhrec.com/pages/commanders/saheeli-the-gifted.json
    OK — 64 slots (99 cards)
[117/165] Saskia the Unyielding
  Fetching: https://json.edhrec.com/pages/commanders/saskia-the-unyielding.json
    OK — 64 slots (99 cards)
[118/165] Sedris, the Traitor King
  Fetching: https://json.edhrec.com/pages/commanders/sedris-the-traitor-king.json
    OK — 64 slots (99 cards)
[119/165] Sen Triplets
  Fetching: https://json.edhrec.com/pages/commanders/sen-triplets.json
    OK — 64 slots (99 cards)
[120/165] Sephara, Sky's Blade
  Fetching: https://json.edhrec.com/pages/commanders/sephara-skys-blade.json
    OK — 64 slots (99 cards)
[121/165] Sheoldred, the Apocalypse
  Fetching: https://json.edhrec.com/pages/commanders/sheoldred-the-apocalypse.json
    OK — 64 slots (99 cards)
[122/165] Shorikai, Genesis Engine
  Fetching: https://json.edhrec.com/pages/commanders/shorikai-genesis-engine.json
    OK — 64 slots (99 cards)
[123/165] Sigarda, Host of Herons
  Fetching: https://json.edhrec.com/pages/commanders/sigarda-host-of-herons.json
    OK — 64 slots (99 cards)
[124/165] Silas Renn, Seeker Adept
  Fetching: https://json.edhrec.com/pages/commanders/silas-renn-seeker-adept.json
    OK — 64 slots (99 cards)
[125/165] Simic Ascendancy
  Fetching: https://json.edhrec.com/pages/commanders/simic-ascendancy.json
    HTTP 403 for https://json.edhrec.com/pages/commanders/simic-ascendancy.json
[126/165] Slimefoot, the Stowaway
  Fetching: https://json.edhrec.com/pages/commanders/slimefoot-the-stowaway.json
    OK — 64 slots (99 cards)
[127/165] Sol'Kanar the Swamp King
  Fetching: https://json.edhrec.com/pages/commanders/solkanar-the-swamp-king.json
    OK — 64 slots (99 cards)
[128/165] Syr Gwyn, Hero of Ashvale
  Fetching: https://json.edhrec.com/pages/commanders/syr-gwyn-hero-of-ashvale.json
    OK — 64 slots (99 cards)
[129/165] Sythis, Harvest's Hand
  Fetching: https://json.edhrec.com/pages/commanders/sythis-harvests-hand.json
    OK — 64 slots (99 cards)
[130/165] Szadek, Lord of Secrets
  Fetching: https://json.edhrec.com/pages/commanders/szadek-lord-of-secrets.json
    OK — 64 slots (99 cards)
[131/165] Tana, the Bloodsower
  Fetching: https://json.edhrec.com/pages/commanders/tana-the-bloodsower.json
    OK — 64 slots (99 cards)
[132/165] Tayam, Luminous Enigma
  Fetching: https://json.edhrec.com/pages/commanders/tayam-luminous-enigma.json
    OK — 64 slots (99 cards)
[133/165] Tazri, Beacon of Unity
  Fetching: https://json.edhrec.com/pages/commanders/tazri-beacon-of-unity.json
    OK — 64 slots (99 cards)
[134/165] Teferi, Temporal Archmage
  Fetching: https://json.edhrec.com/pages/commanders/teferi-temporal-archmage.json
    OK — 64 slots (99 cards)
[135/165] Tergrid, God of Fright
  Fetching: https://json.edhrec.com/pages/commanders/tergrid-god-of-fright.json
    OK — 64 slots (99 cards)
[136/165] Teysa, Orzhov Scion
  Fetching: https://json.edhrec.com/pages/commanders/teysa-orzhov-scion.json
    OK — 64 slots (99 cards)
[137/165] Thada Adel, Acquisitor
  Fetching: https://json.edhrec.com/pages/commanders/thada-adel-acquisitor.json
    OK — 64 slots (99 cards)
[138/165] Thassa, Deep-Dwelling
  Fetching: https://json.edhrec.com/pages/commanders/thassa-deep-dwelling.json
    OK — 64 slots (99 cards)
[139/165] Thassa's Oracle
  Fetching: https://json.edhrec.com/pages/commanders/thassas-oracle.json
    HTTP 403 for https://json.edhrec.com/pages/commanders/thassas-oracle.json
[140/165] Thrasios, Triton Hero
  Fetching: https://json.edhrec.com/pages/commanders/thrasios-triton-hero.json
    OK — 64 slots (99 cards)
[141/165] Tivit, Seller of Secrets
  Fetching: https://json.edhrec.com/pages/commanders/tivit-seller-of-secrets.json
    OK — 64 slots (99 cards)
[142/165] Tolsimir, Friend to Wolves
  Fetching: https://json.edhrec.com/pages/commanders/tolsimir-friend-to-wolves.json
    OK — 64 slots (99 cards)
[143/165] Torbran, Thane of Red Fell
  Fetching: https://json.edhrec.com/pages/commanders/torbran-thane-of-red-fell.json
    OK — 64 slots (99 cards)
[144/165] Torens, Fist of the Angels
  Fetching: https://json.edhrec.com/pages/commanders/torens-fist-of-the-angels.json
    OK — 64 slots (99 cards)
[145/165] Toshiro Umezawa
  Fetching: https://json.edhrec.com/pages/commanders/toshiro-umezawa.json
    OK — 64 slots (99 cards)
[146/165] Trynn, Champion of Freedom
  Fetching: https://json.edhrec.com/pages/commanders/trynn-champion-of-freedom.json
    OK — 64 slots (99 cards)
[147/165] Ulamog, the Ceaseless Hunger
  Fetching: https://json.edhrec.com/pages/commanders/ulamog-the-ceaseless-hunger.json
    OK — 64 slots (99 cards)
[148/165] Ulvenwald Hydra
  Fetching: https://json.edhrec.com/pages/commanders/ulvenwald-hydra.json
    HTTP 403 for https://json.edhrec.com/pages/commanders/ulvenwald-hydra.json
[149/165] Urza, Lord High Artificer
  Fetching: https://json.edhrec.com/pages/commanders/urza-lord-high-artificer.json
    OK — 64 slots (99 cards)
[150/165] Vela the Night-Clad
  Fetching: https://json.edhrec.com/pages/commanders/vela-the-night-clad.json
    OK — 64 slots (99 cards)
[151/165] Vilis, Broker of Blood
  Fetching: https://json.edhrec.com/pages/commanders/vilis-broker-of-blood.json
    OK — 64 slots (99 cards)
[152/165] Vorinclex, Voice of Hunger
  Fetching: https://json.edhrec.com/pages/commanders/vorinclex-voice-of-hunger.json
    OK — 64 slots (99 cards)
[153/165] Winota, Joiner of Forces
  Fetching: https://json.edhrec.com/pages/commanders/winota-joiner-of-forces.json
    OK — 64 slots (99 cards)
[154/165] Wydwen, the Biting Gale
  Fetching: https://json.edhrec.com/pages/commanders/wydwen-the-biting-gale.json
    OK — 64 slots (99 cards)
[155/165] Xenagos, God of Revels
  Fetching: https://json.edhrec.com/pages/commanders/xenagos-god-of-revels.json
    OK — 64 slots (99 cards)
[156/165] Yahenni, Undying Partisan
  Fetching: https://json.edhrec.com/pages/commanders/yahenni-undying-partisan.json
    OK — 64 slots (99 cards)
[157/165] Yisan, the Wanderer Bard
  Fetching: https://json.edhrec.com/pages/commanders/yisan-the-wanderer-bard.json
    OK — 64 slots (99 cards)
[158/165] Yoshimaru, Ever Faithful
  Fetching: https://json.edhrec.com/pages/commanders/yoshimaru-ever-faithful.json
    OK — 64 slots (99 cards)
[159/165] Zacama, Primal Calamity
  Fetching: https://json.edhrec.com/pages/commanders/zacama-primal-calamity.json
    OK — 64 slots (99 cards)
[160/165] Zada, Hedron Grinder
  Fetching: https://json.edhrec.com/pages/commanders/zada-hedron-grinder.json
    OK — 64 slots (99 cards)
[161/165] Zariel, Archduke of Avernus
  Fetching: https://json.edhrec.com/pages/commanders/zariel-archduke-of-avernus.json
    HTTP 403 for https://json.edhrec.com/pages/commanders/zariel-archduke-of-avernus.json
[162/165] Zedruu the Greathearted
  Fetching: https://json.edhrec.com/pages/commanders/zedruu-the-greathearted.json
    OK — 64 slots (99 cards)
[163/165] Zimone and Dina
  Fetching: https://json.edhrec.com/pages/commanders/zimone-and-dina.json
    OK — 64 slots (99 cards)
[164/165] Zirda, the Dawnwaker
  Fetching: https://json.edhrec.com/pages/commanders/zirda-the-dawnwaker.json
    OK — 64 slots (99 cards)
[165/165] Zndrsplt, Eye of Wisdom
  Fetching: https://json.edhrec.com/pages/commanders/zndrsplt-eye-of-wisdom.json
    OK — 64 slots (99 cards)

Wrote 150 example(s) to data\raw\edhrec_examples_v2.jsonl

15 commander(s) failed: Bellowing Elk, Bolas's Citadel, Cliffhaven Kitesail, Golos, Tireless Pilgrim, Hamletback Goliath, Losis, Rogue Elf, Mand of the Moonvessel, Mazarek, the Soul Eater, Pauper Commander Shorikai, Phyrexian Altar, Phyrexian Arena, Simic Ascendancy, Thassa's Oracle, Ulvenwald Hydra, Zariel, Archduke of Avernus
